________________________________________________________________________
                       VPR - The Next Generation                        
                     Version 1.815.0 (Linux X86/64)                     
          This is free open source code under the MIT license.          
________________________________________________________________________

VPR FPGA Placement and Routing.
Version: Version 7.0.7
Compiled: Aug 12 2016.
University of Toronto
vpr@eecg.utoronto.ca
This is free open source code under MIT license.

Architecture file: K3.xml
Circuit name: lsfr8_yosys.blif

Building complex block graph.
WARNING(1): io[0].clock[0] unconnected pin in architecture.
Loop for doall = 0, init_parse took 9e-06 seconds.
Loop for doall = 0 took 0.000335 seconds.
Loop for doall = 1, init_parse took 0.004258 seconds.
Loop for doall = 1 took 6.7e-05 seconds.
Swept away 0 nets with no fanout.
Removed 0 LUT buffers.
BLIF circuit stats:
	0 LUTs of size 0
	0 LUTs of size 1
	9 LUTs of size 2
	1 LUTs of size 3
	2 of type input
	8 of type output
	8 of type latch
	10 of type names
Timing analysis: OFF
Circuit netlist file: lsfr8_yosys.net
Circuit placement file: lsfr8_yosys.place
Circuit routing file: lsfr8_yosys.route
Circuit SDC file: (null)
Operation: RUN_FLOW

Packer: ENABLED
Placer: ENABLED
Router: ENABLED
PackerOpts.allow_early_exit: FALSE
PackerOpts.allow_unrelated_clustering: TRUE
PackerOpts.alpha_clustering: 0.750000
PackerOpts.aspect: 1.000000
PackerOpts.beta_clustering: 0.900000
PackerOpts.block_delay: 0.000000
PackerOpts.cluster_seed_type: MAX_INPUTS
PackerOpts.connection_driven: TRUE
PackerOpts.global_clocks: TRUE
PackerOpts.hill_climbing_flag: FALSE
PackerOpts.inter_cluster_net_delay: 1.000000
PackerOpts.intra_cluster_net_delay: 0.000000
PackerOpts.recompute_timing_after: 32767
PackerOpts.sweep_hanging_nets_and_inputs: TRUE
PackerOpts.timing_driven: FALSE

PlacerOpts.place_freq: PLACE_ONCE
PlacerOpts.place_algorithm: BOUNDING_BOX_PLACE
PlacerOpts.pad_loc_type: FREE
PlacerOpts.place_cost_exp: 1.000000
PlaceOpts.seed: 1
AnnealSched.type: AUTO_SCHED
AnnealSched.inner_num: 1.000000

RouterOpts.route_type: DETAILED
RouterOpts.router_algorithm: NO_TIMING
RouterOpts.base_cost_type: DEMAND_ONLY
RouterOpts.fixed_channel_width: NO_FIXED_CHANNEL_WIDTH
RouterOpts.trim_empty_chan: FALSE
RouterOpts.trim_obs_chan: FALSE
RouterOpts.acc_fac: 1.000000
RouterOpts.bb_factor: 3
RouterOpts.bend_cost: 0.000000
RouterOpts.first_iter_pres_fac: 10000.000000
RouterOpts.initial_pres_fac: 10000.000000
RouterOpts.pres_fac_mult: 1.300000
RouterOpts.max_router_iterations: 50
RouterOpts.routing_failure_predictor = SAFE

RoutingArch.directionality: UNI_DIRECTIONAL
RoutingArch.switch_block_type: WILTON
RoutingArch.Fs: 3

Initialize packing.
Begin packing 'lsfr8_yosys.pre-vpr.blif'.

After removing unused inputs...
	total blocks: 28, total nets: 20, total inputs: 2, total outputs: 8
Begin prepacking.
Finish prepacking.
Using inter-cluster delay: -1
Not enough resources expand FPGA size to x = 2 y = 2.
Complex block 0: cb.n21, type: clb
	
Passed route at end.
Complex block 1: cb.n25, type: clb
	
Passed route at end.
Complex block 2: cb.n29, type: clb
	
Passed route at end.
Complex block 3: cb.n33, type: clb
	
Passed route at end.
Not enough resources expand FPGA size to x = 3 y = 3.
Complex block 4: cb.n37, type: clb
	
Passed route at end.
Complex block 5: cb.n41, type: clb
	
Passed route at end.
Complex block 6: cb.n45, type: clb
	
Passed route at end.
Complex block 7: cb.n49, type: clb
	
Passed route at end.
Complex block 8: cb.n36, type: clb
	
Passed route at end.
Not enough resources expand FPGA size to x = 4 y = 4.
Complex block 9: cb.n37_1, type: clb
	
Passed route at end.
Complex block 10: cb.out:out[0], type: io
	
Passed route at end.
Complex block 11: cb.out:out[1], type: io
	
Passed route at end.
Complex block 12: cb.out:out[2], type: io
	
Passed route at end.
Complex block 13: cb.out:out[3], type: io
	
Passed route at end.
Complex block 14: cb.out:out[4], type: io
	
Passed route at end.
Complex block 15: cb.out:out[5], type: io
	
Passed route at end.
Complex block 16: cb.out:out[6], type: io
	
Passed route at end.
Complex block 17: cb.out:out[7], type: io
	
Passed route at end.
Complex block 18: cb.clk, type: io
	
Passed route at end.
Complex block 19: cb.rst, type: io
	
Passed route at end.
	<EMPTY>: # blocks: 0, average # input + clock pins used: 0, average # output pins used: 0
	io: # blocks: 10, average # input + clock pins used: 0.8, average # output pins used: 0.2
	clb: # blocks: 10, average # input + clock pins used: 2.9, average # output pins used: 1
Absorbed logical nets 8 out of 20 nets, 12 nets not absorbed.
Old intra lb router took 6.7e-05 seconds.
New intra lb router took 0 seconds.

Netlist conversion complete.

Packing took 0.014653 seconds.
Packing completed.
Begin parsing packed FPGA netlist file.
Finished parsing packed FPGA netlist file.
Netlist generated from file 'lsfr8_yosys.net'.

Netlist num_nets: 12
Netlist num_blocks: 20
Netlist <EMPTY> blocks: 0.
Netlist clb blocks: 10.
Netlist inputs pins: 2
Netlist output pins: 8

Auto-sizing FPGA at x = 4 y = 4
Auto-sizing FPGA at x = 2 y = 2
Auto-sizing FPGA at x = 3 y = 3
Auto-sizing FPGA at x = 3 y = 3
FPGA auto-sized to x = 4 y = 4
The circuit will be mapped into a 4 x 4 array of clbs.

Resource usage...
	Netlist      0	blocks of type: <EMPTY>
	Architecture 4	blocks of type: <EMPTY>
	Netlist      10	blocks of type: io
	Architecture 16	blocks of type: io
	Netlist      10	blocks of type: clb
	Architecture 16	blocks of type: clb

Initial placement cost: 0.780972 bb_cost: 0.780972 td_cost: 0 delay_cost: 0

------- ------- ---------- ---------- ---------- ---------- ------- ------- ------- ------- ------ --------- ------
      T    Cost Av BB Cost Av TD Cost Av Tot Del P to P Del   d_max Ac Rate Std Dev R limit    Exp Tot Moves  Alpha
------- ------- ---------- ---------- ---------- ---------- ------- ------- ------- ------- ------ --------- -----0.55955 0.75718     0.7572 0          0          0          -1.0000  0.9815  0.0233  5.0000  0.000        54  0.500
0.27978 0.74708     0.7471 0          0          0          -1.0000  1.0000  0.0395  5.0000  0.000       108  0.500
0.13989 0.75417     0.7542 0          0          0          -1.0000  0.9074  0.0271  5.0000  0.000       162  0.900
0.12590 0.71480     0.7148 0          0          0          -1.0000  0.9074  0.0351  5.0000  0.000       216  0.900
0.11331 0.72100     0.7210 0          0          0          -1.0000  0.9259  0.0328  5.0000  0.000       270  0.900
0.10198 0.72010     0.7201 0          0          0          -1.0000  0.9074  0.0236  5.0000  0.000       324  0.900
0.09178 0.70612     0.7061 0          0          0          -1.0000  0.8889  0.0382  5.0000  0.000       378  0.900
0.08260 0.68552     0.6855 0          0          0          -1.0000  0.8704  0.0288  5.0000  0.000       432  0.900
0.07434 0.71387     0.7139 0          0          0          -1.0000  0.9074  0.0491  5.0000  0.000       486  0.900
0.06691 0.68850     0.6885 0          0          0          -1.0000  0.8889  0.0344  5.0000  0.000       540  0.900
0.06022 0.69012     0.6901 0          0          0          -1.0000  0.8519  0.0255  5.0000  0.000       594  0.900
0.05420 0.68682     0.6868 0          0          0          -1.0000  0.8333  0.0208  5.0000  0.000       648  0.900
0.04878 0.66646     0.6665 0          0          0          -1.0000  0.7963  0.0343  5.0000  0.000       702  0.950
0.04634 0.70852     0.7085 0          0          0          -1.0000  0.8148  0.0267  5.0000  0.000       756  0.900
0.04170 0.69881     0.6988 0          0          0          -1.0000  0.8148  0.0261  5.0000  0.000       810  0.900
0.03753 0.73572     0.7357 0          0          0          -1.0000  0.8519  0.0300  5.0000  0.000       864  0.900
0.03378 0.68435     0.6843 0          0          0          -1.0000  0.8148  0.0257  5.0000  0.000       918  0.900
0.03040 0.67835     0.6783 0          0          0          -1.0000  0.7407  0.0303  5.0000  0.000       972  0.950
0.02888 0.71958     0.7196 0          0          0          -1.0000  0.8148  0.0461  5.0000  0.000      1026  0.900
0.02599 0.69387     0.6939 0          0          0          -1.0000  0.6667  0.0259  5.0000  0.000      1080  0.950
0.02469 0.67087     0.6709 0          0          0          -1.0000  0.7407  0.0213  5.0000  0.000      1134  0.950
0.02346 0.69175     0.6917 0          0          0          -1.0000  0.6111  0.0231  5.0000  0.000      1188  0.950
0.02229 0.64449     0.6445 0          0          0          -1.0000  0.6296  0.0187  5.0000  0.000      1242  0.950
0.02117 0.64248     0.6425 0          0          0          -1.0000  0.6481  0.0214  5.0000  0.000      1296  0.950
0.02011 0.62269     0.6227 0          0          0          -1.0000  0.6296  0.0314  5.0000  0.000      1350  0.950
0.01911 0.66429     0.6643 0          0          0          -1.0000  0.7037  0.0288  5.0000  0.000      1404  0.950
0.01815 0.70363     0.7036 0          0          0          -1.0000  0.6481  0.0138  5.0000  0.000      1458  0.950
0.01724 0.69941     0.6994 0          0          0          -1.0000  0.6667  0.0381  5.0000  0.000      1512  0.950
0.01638 0.64294     0.6429 0          0          0          -1.0000  0.6296  0.0225  5.0000  0.000      1566  0.950
0.01556 0.61663     0.6166 0          0          0          -1.0000  0.4630  0.0173  5.0000  0.000      1620  0.950
0.01479 0.60660     0.6066 0          0          0          -1.0000  0.4259  0.0199  5.0000  0.000      1674  0.950
0.01405 0.59769     0.5977 0          0          0          -1.0000  0.5926  0.0233  4.9296  0.000      1728  0.950
0.01334 0.62602     0.6260 0          0          0          -1.0000  0.4815  0.0224  5.0000  0.000      1782  0.950
0.01268 0.63353     0.6335 0          0          0          -1.0000  0.5185  0.0159  5.0000  0.000      1836  0.950
0.01204 0.65399     0.6540 0          0          0          -1.0000  0.5556  0.0113  5.0000  0.000      1890  0.950
0.01144 0.63835     0.6383 0          0          0          -1.0000  0.5741  0.0156  5.0000  0.000      1944  0.950
0.01087 0.59141     0.5914 0          0          0          -1.0000  0.3519  0.0223  5.0000  0.000      1998  0.950
0.01032 0.59300     0.5930 0          0          0          -1.0000  0.5370  0.0173  4.5593  0.000      2052  0.950
0.00981 0.60202     0.6020 0          0          0          -1.0000  0.4444  0.0125  5.0000  0.000      2106  0.950
0.00932 0.59193     0.5919 0          0          0          -1.0000  0.3704  0.0135  5.0000  0.000      2160  0.950
0.00885 0.58223     0.5822 0          0          0          -1.0000  0.3889  0.0156  4.6519  0.000      2214  0.950
0.00841 0.57509     0.5751 0          0          0          -1.0000  0.4074  0.0105  4.4141  0.000      2268  0.950
0.00799 0.54809     0.5481 0          0          0          -1.0000  0.3333  0.0169  4.2702  0.000      2322  0.950
0.00759 0.51924     0.5192 0          0          0          -1.0000  0.3519  0.0208  3.8147  0.000      2376  0.950
0.00721 0.50778     0.5078 0          0          0          -1.0000  0.3519  0.0131  3.4785  0.000      2430  0.950
0.00685 0.55692     0.5569 0          0          0          -1.0000  0.2222  0.0055  3.1719  0.000      2484  0.950
0.00651 0.53243     0.5324 0          0          0          -1.0000  0.2593  0.0086  2.4811  0.000      2538  0.950
0.00618 0.53025     0.5302 0          0          0          -1.0000  0.2778  0.0113  2.0327  0.000      2592  0.950
0.00587 0.52892     0.5289 0          0          0          -1.0000  0.5185  0.0135  1.7029  0.000      2646  0.950
0.00558 0.52866     0.5287 0          0          0          -1.0000  0.4630  0.0103  1.8366  0.000      2700  0.950
0.00530 0.54066     0.5407 0          0          0          -1.0000  0.6111  0.0116  1.8788  0.000      2754  0.950
0.00504 0.54261     0.5426 0          0          0          -1.0000  0.4815  0.0055  2.2003  0.000      2808  0.950
0.00478 0.54016     0.5402 0          0          0          -1.0000  0.4630  0.0093  2.2916  0.000      2862  0.950
0.00454 0.52286     0.5229 0          0          0          -1.0000  0.3704  0.0056  2.3442  0.000      2916  0.950
0.00432 0.53576     0.5358 0          0          0          -1.0000  0.3148  0.0108  2.1810  0.000      2970  0.950
0.00410 0.50447     0.5045 0          0          0          -1.0000  0.2593  0.0093  1.9079  0.000      3024  0.950
0.00390 0.49910     0.4991 0          0          0          -1.0000  0.4259  0.0004  1.5631  0.000      3078  0.950
0.00370 0.49551     0.4955 0          0          0          -1.0000  0.4259  0.0059  1.5411  0.000      3132  0.950
0.00352 0.49432     0.4943 0          0          0          -1.0000  0.3704  0.0063  1.5194  0.000      3186  0.950
0.00334 0.48659     0.4866 0          0          0          -1.0000  0.3148  0.0131  1.4136  0.000      3240  0.950
0.00317 0.47507     0.4751 0          0          0          -1.0000  0.3148  0.0063  1.2366  0.000      3294  0.950
0.00301 0.45787     0.4579 0          0          0          -1.0000  0.3333  0.0000  1.0818  0.000      3348  0.950
0.00286 0.45898     0.4590 0          0          0          -1.0000  0.3333  0.0032  1.0000  0.000      3402  0.950
0.00272 0.45787     0.4579 0          0          0          -1.0000  0.2778  0.0000  1.0000  0.000      3456  0.950
0.00258 0.45787     0.4579 0          0          0          -1.0000  0.3519  0.0000  1.0000  0.000      3510  0.950
0.00246 0.45787     0.4579 0          0          0          -1.0000  0.3148  0.0000  1.0000  0.000      3564  0.950
0.00233 0.46225     0.4622 0          0          0          -1.0000  0.2963  0.0081  1.0000  0.000      3618  0.950
0.00222 0.44787     0.4479 0          0          0          -1.0000  0.1852  0.0000  1.0000  0.000      3672  0.950
0.00211 0.44898     0.4490 0          0          0          -1.0000  0.3333  0.0032  1.0000  0.000      3726  0.950
0.00200 0.45121     0.4512 0          0          0          -1.0000  0.2222  0.0049  1.0000  0.000      3780  0.950
0.00190 0.44787     0.4479 0          0          0          -1.0000  0.1481  0.0000  1.0000  0.000      3834  0.800
0.00152 0.44787     0.4479 0          0          0          -1.0000  0.2593  0.0000  1.0000  0.000      3888  0.950
0.00144 0.44787     0.4479 0          0          0          -1.0000  0.2407  0.0000  1.0000  0.000      3942  0.950
0.00137 0.44787     0.4479 0          0          0          -1.0000  0.1481  0.0000  1.0000  0.000      3996  0.800
0.00110 0.44787     0.4479 0          0          0          -1.0000  0.2593  0.0000  1.0000  0.000      4050  0.950
0.00104 0.44787     0.4479 0          0          0          -1.0000  0.1296  0.0000  1.0000  0.000      4104  0.800
0.00083 0.44787     0.4479 0          0          0          -1.0000  0.2407  0.0000  1.0000  0.000      4158  0.950
0.00079 0.44787     0.4479 0          0          0          -1.0000  0.0926  0.0000  1.0000  0.000      4212  0.800
0.00063 0.44787     0.4479 0          0          0          -1.0000  0.1111  0.0000  1.0000  0.000      4266  0.800
0.00051 0.44787     0.4479 0          0          0          -1.0000  0.1852  0.0000  1.0000  0.000      4320  0.950
0.00048 0.44787     0.4479 0          0          0          -1.0000  0.1296  0.0000  1.0000  0.000      4374  0.800
0.00039 0.44787     0.4479 0          0          0          -1.0000  0.1481  0.0000  1.0000  0.000      4428  0.800
0.00031 0.44787     0.4479 0          0          0          -1.0000  0.2037  0.0000  1.0000  0.000      4482  0.950
0.00029 0.44787     0.4479 0          0          0          -1.0000  0.2222  0.0000  1.0000  0.000      4536  0.950
0.00028 0.44787     0.4479 0          0          0          -1.0000  0.2593  0.0000  1.0000  0.000      4590  0.950
0.00026 0.44787     0.4479 0          0          0          -1.0000  0.1296  0.0000  1.0000  0.000      4644  0.800
0.00021 0.44787     0.4479 0          0          0          -1.0000  0.2778  0.0000  1.0000  0.000      4698  0.950
0.00020 0.44787     0.4479 0          0          0          -1.0000  0.0556  0.0000  1.0000  0.000      4752  0.800
0.00000 0.44787     0.4479 0          0          0                   0.1481  0.0000  1.0000  0.000      4806

BB estimate of min-dist (placement) wire length: 45
bb_cost recomputed from scratch: 0.447873

Completed placement consistency check successfully.

Swaps called: 4826
Placement cost: 0.447873, bb_cost: 0.447873, td_cost: 0, delay_cost: 0
Placement total # of swap attempts: 4826
	Swap reject rate: 0
	Swap accept rate: 0
	Swap abort rate: 0
Placement took 0.237222 seconds.

Timing analysis off; using default timing constraints.

Defaulting to: constrain all 0 inputs and 0 outputs on the netlist clock.
Optimize this clock to run as fast as possible.

Using low: -1, high: -1, current: 6
Build rr_graph took 0.001926 seconds.
Confirming router algorithm: TIMING_DRIVEN.
Wire length after first iteration 53, total available wire length 240, ratio 0.220833
--------- ---------- -----------
Iteration       Time   Crit Path
--------- ---------- -----------
        1   0.00 sec
Successfully routed after 1 routing iterations.
Completed net delay value cross check successfully.

Using low: -1, high: 6, current: 4
Build rr_graph took 0.001067 seconds.
Confirming router algorithm: TIMING_DRIVEN.
Wire length after first iteration 56, total available wire length 160, ratio 0.35
--------- ---------- -----------
Iteration       Time   Crit Path
--------- ---------- -----------
        1   0.00 sec
Successfully routed after 1 routing iterations.
Completed net delay value cross check successfully.

Using low: -1, high: 4, current: 2
Build rr_graph took 0.000572 seconds.
Confirming router algorithm: TIMING_DRIVEN.
Wire length after first iteration 67, total available wire length 80, ratio 0.8375
--------- ---------- -----------
Iteration       Time   Crit Path
--------- ---------- -----------
        1   0.00 sec
        2   0.00 sec
        3   0.00 sec
        4   0.00 sec
        5   0.00 sec
        6   0.00 sec
        7   0.00 sec
        8   0.00 sec
        9   0.00 sec
       10   0.00 sec
       11   0.00 sec
       12   0.00 sec
       13   0.00 sec
       14   0.00 sec
       15   0.00 sec
       16   0.00 sec
       17   0.00 sec
       18   0.00 sec
       19   0.00 sec
       20   0.00 sec
       21   0.00 sec
       22   0.00 sec
       23   0.00 sec
       24   0.00 sec
       25   0.00 sec
       26   0.00 sec
       27   0.00 sec
       28   0.00 sec
       29   0.00 sec
       30   0.00 sec
       31   0.00 sec
       32   0.00 sec
       33   0.00 sec
       34   0.00 sec
       35   0.00 sec
       36   0.00 sec
       37   0.00 sec
       38   0.00 sec
Routing aborted, the ratio of overused nodes is above the threshold.

Checking to ensure routing is legal...
Completed routing consistency check successfully.

Serial number (magic cookie) for the routing is: -270526
Best routing used a channel width factor of 4.

Average number of bends per net: 2.90909  Maximum # of bends: 9

Number of routed nets (nonglobal): 11
Wire length results (in units of 1 clb segments)...
	Total wirelength: 56, average net length: 5.09091
	Maximum net length: 16

Wire length results in terms of physical segments...
	Total wiring segments used: 56, average wire segments per net: 5.09091
	Maximum segments used by a net: 16
	Total local nets with reserved CLB opins: 0

X - Directed channels: j max occ ave occ capacity
                      -- ------- ------- --------
                       0       2  1.0000        4
                       1       2  1.0000        4
                       2       3  1.5000        4
                       3       2  1.5000        4
                       4       3  1.7500        4
Y - Directed channels: i max occ ave occ capacity
                      -- ------- ------- --------
                       0       1  0.2500        4
                       1       2  0.7500        4
                       2       3  2.5000        4
                       3       3  2.2500        4
                       4       2  1.5000        4

Total tracks in x-direction: 20, in y-direction: 20

Logic area (in minimum width transistor areas, excludes I/Os and empty grid tiles)...
	Total logic block area (Warning, need to add pitch of routing to blocks with height > 3): 35669.1
	Total used logic block area: 22293.2

Routing area (in minimum width transistor areas)...
	Total routing area: 6264.31, per logic tile: 391.520

Segment usage by type (index): type utilization
                               ---- -----------
                                  0        0.35

Segment usage by length: length utilization
                         ------ -----------
                              1        0.35


Probability distribution of 2-pin net lengths:

Length    p(Lenth)
     0    0.000000
     1    0.137931
     2    0.793103
     3    0.068966
     4    0.000000
     5    0.000000
     6    0.000000
     7    0.000000
     8    0.000000
     9    0.000000
    10    0.000000
    11    0.000000
    12    0.000000
    13    0.000000
    14    0.000000
    15    0.000000
    16    0.000000
    17    0.000000

Number of 2-pin nets: ;29;
Expected value of 2-pin net length (R): ;1.93103;
Total wirelength: ;56;
;
